TN:
SF:src/utils/math.ts
FN:1,add
FN:5,subtract
FN:9,multiply
FN:13,divide
FN:20,isEven
FN:24,isPositive
FN:28,factorial
FN:38,clamp
FNF:8
FNH:8
FNDA:7,add
FNDA:3,subtract
FNDA:4,multiply
FNDA:4,divide
FNDA:7,isEven
FNDA:6,isPositive
FNDA:12,factorial
FNDA:6,clamp
DA:1,2
DA:2,7
DA:5,2
DA:6,3
DA:9,2
DA:10,4
DA:13,2
DA:14,4
DA:15,1
DA:17,3
DA:20,2
DA:21,7
DA:24,2
DA:25,6
DA:28,2
DA:29,12
DA:30,2
DA:32,10
DA:33,4
DA:35,6
DA:38,2
DA:39,6
DA:40,1
DA:42,5
LF:24
LH:24
BRDA:14,0,0,1
BRDA:29,1,0,2
BRDA:32,2,0,4
BRDA:32,3,0,10
BRDA:32,3,1,9
BRDA:39,4,0,1
BRF:6
BRH:6
end_of_record
